[debug] [2022-11-21T03:06:26.613Z] ----------------------------------------------------------------------
[debug] [2022-11-21T03:06:26.615Z] Command:       D:\Node.js\node.exe C:\Users\Huccct\AppData\Roaming\npm\node_modules\firebase-tools\lib\bin\firebase.js init
[debug] [2022-11-21T03:06:26.616Z] CLI Version:   11.16.1
[debug] [2022-11-21T03:06:26.616Z] Platform:      win32
[debug] [2022-11-21T03:06:26.616Z] Node Version:  v16.15.0
[debug] [2022-11-21T03:06:26.617Z] Time:          Mon Nov 21 2022 11:06:26 GMT+0800 (中国标准时间)
[debug] [2022-11-21T03:06:26.617Z] ----------------------------------------------------------------------
[debug] 
[debug] [2022-11-21T03:06:26.623Z] > command requires scopes: ["email","openid","https://www.googleapis.com/auth/cloudplatformprojects.readonly","https://www.googleapis.com/auth/firebase","https://www.googleapis.com/auth/cloud-platform"]
[debug] [2022-11-21T03:06:26.624Z] > authorizing via signed-in user (ucccth@gmail.com)
[info] 
     ######## #### ########  ######## ########     ###     ######  ########
     ##        ##  ##     ## ##       ##     ##  ##   ##  ##       ##
     ######    ##  ########  ######   ########  #########  ######  ######
     ##        ##  ##    ##  ##       ##     ## ##     ##       ## ##
     ##       #### ##     ## ######## ########  ##     ##  ######  ########

You're about to initialize a Firebase project in this directory:

  F:\Fronted_End\FireBlogs-YouTube

[info] 
=== Project Setup
[info] 
[info] First, let's associate this project directory with a Firebase project.
[info] You can create multiple project aliases by running firebase use --add, 
[info] but for now we'll just set up a default project.
[info] 
[debug] [2022-11-21T03:06:40.178Z] >>> [apiv2][query] GET https://firebase.googleapis.com/v1beta1/projects pageSize=100
[debug] [2022-11-21T03:07:01.252Z] Failed to make request to https://firebase.googleapis.com/v1beta1/projects?pageSize=100
[debug] [2022-11-21T03:07:01.432Z] FirebaseError: Failed to make request to https://firebase.googleapis.com/v1beta1/projects?pageSize=100
    at RetryOperation._fn (C:\Users\Huccct\AppData\Roaming\npm\node_modules\firebase-tools\lib\apiv2.js:242:31)
    at processTicksAndRejections (node:internal/process/task_queues:96:5)
[error] 
[error] Error: Failed to list Firebase projects. See firebase-debug.log for more info.
[debug] [2022-11-21T03:07:09.199Z] ----------------------------------------------------------------------
[debug] [2022-11-21T03:07:09.201Z] Command:       D:\Node.js\node.exe C:\Users\Huccct\AppData\Roaming\npm\node_modules\firebase-tools\lib\bin\firebase.js init
[debug] [2022-11-21T03:07:09.202Z] CLI Version:   11.16.1
[debug] [2022-11-21T03:07:09.202Z] Platform:      win32
[debug] [2022-11-21T03:07:09.202Z] Node Version:  v16.15.0
[debug] [2022-11-21T03:07:09.203Z] Time:          Mon Nov 21 2022 11:07:09 GMT+0800 (中国标准时间)
[debug] [2022-11-21T03:07:09.203Z] ----------------------------------------------------------------------
[debug] 
[debug] [2022-11-21T03:07:09.209Z] > command requires scopes: ["email","openid","https://www.googleapis.com/auth/cloudplatformprojects.readonly","https://www.googleapis.com/auth/firebase","https://www.googleapis.com/auth/cloud-platform"]
[debug] [2022-11-21T03:07:09.209Z] > authorizing via signed-in user (ucccth@gmail.com)
[info] 
     ######## #### ########  ######## ########     ###     ######  ########
     ##        ##  ##     ## ##       ##     ##  ##   ##  ##       ##
     ######    ##  ########  ######   ########  #########  ######  ######
     ##        ##  ##    ##  ##       ##     ## ##     ##       ## ##
     ##       #### ##     ## ######## ########  ##     ##  ######  ########

You're about to initialize a Firebase project in this directory:

  F:\Fronted_End\FireBlogs-YouTube

[info] 
=== Project Setup
[info] 
[info] First, let's associate this project directory with a Firebase project.
[info] You can create multiple project aliases by running firebase use --add, 
[info] but for now we'll just set up a default project.
[info] 
[debug] [2022-11-21T03:07:17.731Z] >>> [apiv2][query] GET https://firebase.googleapis.com/v1beta1/projects pageSize=100
[debug] [2022-11-21T03:07:38.781Z] Failed to make request to https://firebase.googleapis.com/v1beta1/projects?pageSize=100
[debug] [2022-11-21T03:07:39.076Z] FirebaseError: Failed to make request to https://firebase.googleapis.com/v1beta1/projects?pageSize=100
    at RetryOperation._fn (C:\Users\Huccct\AppData\Roaming\npm\node_modules\firebase-tools\lib\apiv2.js:242:31)
    at processTicksAndRejections (node:internal/process/task_queues:96:5)
[error] 
[error] Error: Failed to list Firebase projects. See firebase-debug.log for more info.
[debug] [2022-11-21T03:09:09.863Z] ----------------------------------------------------------------------
[debug] [2022-11-21T03:09:09.865Z] Command:       D:\Node.js\node.exe C:\Users\Huccct\AppData\Roaming\npm\node_modules\firebase-tools\lib\bin\firebase.js init
[debug] [2022-11-21T03:09:09.865Z] CLI Version:   11.16.1
[debug] [2022-11-21T03:09:09.865Z] Platform:      win32
[debug] [2022-11-21T03:09:09.866Z] Node Version:  v16.15.0
[debug] [2022-11-21T03:09:09.866Z] Time:          Mon Nov 21 2022 11:09:09 GMT+0800 (中国标准时间)
[debug] [2022-11-21T03:09:09.867Z] ----------------------------------------------------------------------
[debug] 
[debug] [2022-11-21T03:09:09.872Z] > command requires scopes: ["email","openid","https://www.googleapis.com/auth/cloudplatformprojects.readonly","https://www.googleapis.com/auth/firebase","https://www.googleapis.com/auth/cloud-platform"]
[debug] [2022-11-21T03:09:09.873Z] > authorizing via signed-in user (ucccth@gmail.com)
[info] 
     ######## #### ########  ######## ########     ###     ######  ########
     ##        ##  ##     ## ##       ##     ##  ##   ##  ##       ##
     ######    ##  ########  ######   ########  #########  ######  ######
     ##        ##  ##    ##  ##       ##     ## ##     ##       ## ##
     ##       #### ##     ## ######## ########  ##     ##  ######  ########

You're about to initialize a Firebase project in this directory:

  F:\Fronted_End\FireBlogs-YouTube

[info] 
=== Project Setup
[info] 
[info] First, let's associate this project directory with a Firebase project.
[info] You can create multiple project aliases by running firebase use --add, 
[info] but for now we'll just set up a default project.
[info] 
[debug] [2022-11-21T03:09:25.844Z] > refreshing access token with scopes: []
[debug] [2022-11-21T03:09:25.845Z] >>> [apiv2][query] POST https://www.googleapis.com/oauth2/v3/token [none]
[debug] [2022-11-21T03:09:25.845Z] >>> [apiv2][body] POST https://www.googleapis.com/oauth2/v3/token [omitted]
[debug] [2022-11-21T03:09:46.904Z] Authentication Error: Your credentials are no longer valid. Please run firebase login --reauth

For CI servers and headless environments, generate a new token with firebase login:ci
[debug] [2022-11-21T03:09:47.077Z] FirebaseError: Authentication Error: Your credentials are no longer valid. Please run firebase login --reauth

For CI servers and headless environments, generate a new token with firebase login:ci
    at invalidCredentialError (C:\Users\Huccct\AppData\Roaming\npm\node_modules\firebase-tools\lib\auth.js:144:12)
    at refreshTokens (C:\Users\Huccct\AppData\Roaming\npm\node_modules\firebase-tools\lib\auth.js:508:15)
    at processTicksAndRejections (node:internal/process/task_queues:96:5)
    at async Client.getAccessToken (C:\Users\Huccct\AppData\Roaming\npm\node_modules\firebase-tools\lib\apiv2.js:149:23)
    at async Client.addAuthHeader (C:\Users\Huccct\AppData\Roaming\npm\node_modules\firebase-tools\lib\apiv2.js:140:21)
    at async Client.request (C:\Users\Huccct\AppData\Roaming\npm\node_modules\firebase-tools\lib\apiv2.js:96:34)
    at async getProjectPage (C:\Users\Huccct\AppData\Roaming\npm\node_modules\firebase-tools\lib\management\projects.js:238:17)
    at async getFirebaseProjectPage (C:\Users\Huccct\AppData\Roaming\npm\node_modules\firebase-tools\lib\management\projects.js:255:23)
    at async selectProjectInteractively (C:\Users\Huccct\AppData\Roaming\npm\node_modules\firebase-tools\lib\management\projects.js:94:41)
    at async doSetup (C:\Users\Huccct\AppData\Roaming\npm\node_modules\firebase-tools\lib\init\features\project.js:88:27)
    at async init (C:\Users\Huccct\AppData\Roaming\npm\node_modules\firebase-tools\lib\init\index.js:36:9)
[error] 
[error] Error: Failed to list Firebase projects. See firebase-debug.log for more info.
[debug] [2022-11-21T03:10:11.387Z] ----------------------------------------------------------------------
[debug] [2022-11-21T03:10:11.389Z] Command:       D:\Node.js\node.exe C:\Users\Huccct\AppData\Roaming\npm\node_modules\firebase-tools\lib\bin\firebase.js login --reauth
[debug] [2022-11-21T03:10:11.389Z] CLI Version:   11.16.1
[debug] [2022-11-21T03:10:11.390Z] Platform:      win32
[debug] [2022-11-21T03:10:11.390Z] Node Version:  v16.15.0
[debug] [2022-11-21T03:10:11.391Z] Time:          Mon Nov 21 2022 11:10:11 GMT+0800 (中国标准时间)
[debug] [2022-11-21T03:10:11.392Z] ----------------------------------------------------------------------
[debug] 
[info] 
[info] Visit this URL on this device to log in:
[info] https://accounts.google.com/o/oauth2/auth?client_id=563584335869-fgrhgmd47bqnekij5i8b5pr03ho849e6.apps.googleusercontent.com&scope=email%20openid%20https%3A%2F%2Fwww.googleapis.com%2Fauth%2Fcloudplatformprojects.readonly%20https%3A%2F%2Fwww.googleapis.com%2Fauth%2Ffirebase%20https%3A%2F%2Fwww.googleapis.com%2Fauth%2Fcloud-platform&response_type=code&state=728841328&redirect_uri=http%3A%2F%2Flocalhost%3A9005&login_hint=ucccth%40gmail.com
[info] 
[info] Waiting for authentication...
[debug] [2022-11-21T03:10:45.868Z] >>> [apiv2][query] POST https://accounts.google.com/o/oauth2/token [none]
[debug] [2022-11-21T03:10:45.868Z] >>> [apiv2][body] POST https://accounts.google.com/o/oauth2/token [omitted]
[debug] [2022-11-21T03:11:05.204Z] Token Fetch Error: FirebaseError: Failed to make request to https://accounts.google.com/o/oauth2/token
    at RetryOperation._fn (C:\Users\Huccct\AppData\Roaming\npm\node_modules\firebase-tools\lib\apiv2.js:242:31)
    at processTicksAndRejections (node:internal/process/task_queues:96:5)
[debug] [2022-11-21T03:11:05.212Z] >>> [apiv2][query] POST https://auth.firebase.tools/attest [none]
[debug] [2022-11-21T03:11:05.212Z] >>> [apiv2][body] POST https://auth.firebase.tools/attest {"session_id":"e17432e3-b54e-4a2c-9ea2-07620d3922e3"}
[debug] [2022-11-21T03:11:06.745Z] <<< [apiv2][status] POST https://auth.firebase.tools/attest 200
[debug] [2022-11-21T03:11:06.745Z] <<< [apiv2][body] POST https://auth.firebase.tools/attest {"token":"T_Z8tUKdBPZpF2gAVXc-f2_rjkiPjYk_e168TW5MStg"}
[info] 
[info] To sign in to the Firebase CLI:
[info] 
[info] 1. Take note of your session ID:
[info] 
[info]    E1743
[info] 
[info] 2. Visit the URL below on any device and follow the instructions to get your code:
[info] 
[info]    https://auth.firebase.tools/login?code_challenge=ZulXtJujg-WzqWZVgjGdD2gcjwTKTOOMpFOPaJ8t6To&session=e17432e3-b54e-4a2c-9ea2-07620d3922e3&attest=T_Z8tUKdBPZpF2gAVXc-f2_rjkiPjYk_e168TW5MStg
[info] 
[info] 3. Paste or enter the authorization code below once you have it:
[info] 
[debug] [2022-11-21T03:11:50.678Z] >>> [apiv2][query] POST https://accounts.google.com/o/oauth2/token [none]
[debug] [2022-11-21T03:11:50.678Z] >>> [apiv2][body] POST https://accounts.google.com/o/oauth2/token [omitted]
[debug] [2022-11-21T03:11:56.101Z] ----------------------------------------------------------------------
[debug] [2022-11-21T03:11:56.103Z] Command:       D:\Node.js\node.exe C:\Users\Huccct\AppData\Roaming\npm\node_modules\firebase-tools\lib\bin\firebase.js login --reauth
[debug] [2022-11-21T03:11:56.103Z] CLI Version:   11.16.1
[debug] [2022-11-21T03:11:56.103Z] Platform:      win32
[debug] [2022-11-21T03:11:56.104Z] Node Version:  v16.15.0
[debug] [2022-11-21T03:11:56.104Z] Time:          Mon Nov 21 2022 11:11:56 GMT+0800 (中国标准时间)
[debug] [2022-11-21T03:11:56.105Z] ----------------------------------------------------------------------
[debug] 
[info] 
[info] Visit this URL on this device to log in:
[info] https://accounts.google.com/o/oauth2/auth?client_id=563584335869-fgrhgmd47bqnekij5i8b5pr03ho849e6.apps.googleusercontent.com&scope=email%20openid%20https%3A%2F%2Fwww.googleapis.com%2Fauth%2Fcloudplatformprojects.readonly%20https%3A%2F%2Fwww.googleapis.com%2Fauth%2Ffirebase%20https%3A%2F%2Fwww.googleapis.com%2Fauth%2Fcloud-platform&response_type=code&state=35273087&redirect_uri=http%3A%2F%2Flocalhost%3A9005&login_hint=ucccth%40gmail.com
[info] 
[info] Waiting for authentication...
[debug] [2022-11-21T03:12:02.440Z] >>> [apiv2][query] POST https://accounts.google.com/o/oauth2/token [none]
[debug] [2022-11-21T03:12:02.440Z] >>> [apiv2][body] POST https://accounts.google.com/o/oauth2/token [omitted]
[debug] [2022-11-21T03:12:23.499Z] Token Fetch Error: FirebaseError: Failed to make request to https://accounts.google.com/o/oauth2/token
    at RetryOperation._fn (C:\Users\Huccct\AppData\Roaming\npm\node_modules\firebase-tools\lib\apiv2.js:242:31)
    at processTicksAndRejections (node:internal/process/task_queues:96:5)
[debug] [2022-11-21T03:12:23.503Z] >>> [apiv2][query] POST https://auth.firebase.tools/attest [none]
[debug] [2022-11-21T03:12:23.504Z] >>> [apiv2][body] POST https://auth.firebase.tools/attest {"session_id":"ad2b96a9-99e6-4e4b-8565-3a5f72a85e53"}
[debug] [2022-11-21T03:12:24.076Z] <<< [apiv2][status] POST https://auth.firebase.tools/attest 200
[debug] [2022-11-21T03:12:24.076Z] <<< [apiv2][body] POST https://auth.firebase.tools/attest {"token":"WL0zBeSKE-D3OZgA2vRJdEnZcZT8Z8szsIwUXtDIBfc"}
[info] 
[info] To sign in to the Firebase CLI:
[info] 
[info] 1. Take note of your session ID:
[info] 
[info]    AD2B9
[info] 
[info] 2. Visit the URL below on any device and follow the instructions to get your code:
[info] 
[info]    https://auth.firebase.tools/login?code_challenge=XukmCDGxyD6og66L2aZzNuY9wTR_vWvw3amFi03-qVc&session=ad2b96a9-99e6-4e4b-8565-3a5f72a85e53&attest=WL0zBeSKE-D3OZgA2vRJdEnZcZT8Z8szsIwUXtDIBfc
[info] 
[info] 3. Paste or enter the authorization code below once you have it:
[info] 
[debug] [2022-11-21T03:13:22.350Z] ----------------------------------------------------------------------
[debug] [2022-11-21T03:13:22.352Z] Command:       D:\Node.js\node.exe C:\Users\Huccct\AppData\Roaming\npm\node_modules\firebase-tools\lib\bin\firebase.js init
[debug] [2022-11-21T03:13:22.352Z] CLI Version:   11.16.1
[debug] [2022-11-21T03:13:22.352Z] Platform:      win32
[debug] [2022-11-21T03:13:22.353Z] Node Version:  v16.15.0
[debug] [2022-11-21T03:13:22.353Z] Time:          Mon Nov 21 2022 11:13:22 GMT+0800 (中国标准时间)
[debug] [2022-11-21T03:13:22.354Z] ----------------------------------------------------------------------
[debug] 
[debug] [2022-11-21T03:13:22.359Z] > command requires scopes: ["email","openid","https://www.googleapis.com/auth/cloudplatformprojects.readonly","https://www.googleapis.com/auth/firebase","https://www.googleapis.com/auth/cloud-platform"]
[debug] [2022-11-21T03:13:22.360Z] > authorizing via signed-in user (ucccth@gmail.com)
[info] 
     ######## #### ########  ######## ########     ###     ######  ########
     ##        ##  ##     ## ##       ##     ##  ##   ##  ##       ##
     ######    ##  ########  ######   ########  #########  ######  ######
     ##        ##  ##    ##  ##       ##     ## ##     ##       ## ##
     ##       #### ##     ## ######## ########  ##     ##  ######  ########

You're about to initialize a Firebase project in this directory:

  F:\Fronted_End\FireBlogs-YouTube

[info] 
=== Project Setup
[info] 
[info] First, let's associate this project directory with a Firebase project.
[info] You can create multiple project aliases by running firebase use --add, 
[info] but for now we'll just set up a default project.
[info] 
[debug] [2022-11-21T03:13:40.451Z] > refreshing access token with scopes: []
[debug] [2022-11-21T03:13:40.453Z] >>> [apiv2][query] POST https://www.googleapis.com/oauth2/v3/token [none]
[debug] [2022-11-21T03:13:40.453Z] >>> [apiv2][body] POST https://www.googleapis.com/oauth2/v3/token [omitted]
[debug] [2022-11-21T03:14:01.526Z] Authentication Error: Your credentials are no longer valid. Please run firebase login --reauth

For CI servers and headless environments, generate a new token with firebase login:ci
[debug] [2022-11-21T03:14:01.715Z] FirebaseError: Authentication Error: Your credentials are no longer valid. Please run firebase login --reauth

For CI servers and headless environments, generate a new token with firebase login:ci
    at invalidCredentialError (C:\Users\Huccct\AppData\Roaming\npm\node_modules\firebase-tools\lib\auth.js:144:12)
    at refreshTokens (C:\Users\Huccct\AppData\Roaming\npm\node_modules\firebase-tools\lib\auth.js:508:15)
    at processTicksAndRejections (node:internal/process/task_queues:96:5)
    at async Client.getAccessToken (C:\Users\Huccct\AppData\Roaming\npm\node_modules\firebase-tools\lib\apiv2.js:149:23)
    at async Client.addAuthHeader (C:\Users\Huccct\AppData\Roaming\npm\node_modules\firebase-tools\lib\apiv2.js:140:21)
    at async Client.request (C:\Users\Huccct\AppData\Roaming\npm\node_modules\firebase-tools\lib\apiv2.js:96:34)
    at async getProjectPage (C:\Users\Huccct\AppData\Roaming\npm\node_modules\firebase-tools\lib\management\projects.js:238:17)
    at async getFirebaseProjectPage (C:\Users\Huccct\AppData\Roaming\npm\node_modules\firebase-tools\lib\management\projects.js:255:23)
    at async selectProjectInteractively (C:\Users\Huccct\AppData\Roaming\npm\node_modules\firebase-tools\lib\management\projects.js:94:41)
    at async doSetup (C:\Users\Huccct\AppData\Roaming\npm\node_modules\firebase-tools\lib\init\features\project.js:88:27)
    at async init (C:\Users\Huccct\AppData\Roaming\npm\node_modules\firebase-tools\lib\init\index.js:36:9)
[error] 
[error] Error: Failed to list Firebase projects. See firebase-debug.log for more info.
